<?xml version="1.0" encoding="UTF-8"?>
<!-- Generated by org.testng.reporters.JUnitReportReporter -->
<testsuite hostname="LAPTOP-R63JOEHG" failures="0" tests="1" name="SeleniumFramework.tests.ErrorValidations" time="1.024" errors="0" timestamp="2024-07-31T22:24:32 CDT" skipped="0">
  <testcase classname="SeleniumFramework.tests.ErrorValidations" name="submitOrder" time="1.024"/>
  <system-out/>
</testsuite> <!-- SeleniumFramework.tests.ErrorValidations -->
