<?xml version="1.0" encoding="UTF-8"?>
<!-- Generated by org.testng.reporters.JUnitReportReporter -->
<testsuite hostname="LAPTOP-R63JOEHG" failures="0" tests="1" name="SeleniumFramework.tests.ErrorValidations" time="0.817" errors="0" timestamp="2024-08-01T18:35:46 CDT" skipped="0">
  <testcase classname="SeleniumFramework.tests.ErrorValidations" name="submitOrder" time="0.817"/>
</testsuite> <!-- SeleniumFramework.tests.ErrorValidations -->
